
> frontend@0.1.0 dev
> next dev -p 3010

   ▲ Next.js 15.3.4
   - Local:        http://localhost:3010
   - Network:      http://192.168.11.10:3010
   - Environments: .env.local

 ✓ Starting...
 ✓ Ready in 1643ms
 ○ Compiling /trade-analysis ...
 ✓ Compiled /trade-analysis in 1284ms (757 modules)
 GET /trade-analysis 200 in 1576ms
 ✓ Compiled /api/trade-analysis in 220ms (777 modules)
 GET /api/trade-analysis?page=1&limit=10 200 in 414ms
 ○ Compiling / ...
 ✓ Compiled / in 606ms (784 modules)
 GET / 200 in 788ms
 ✓ Compiled /dashboard in 224ms (786 modules)
 GET /dashboard 200 in 285ms
 ✓ Compiled /analysis in 290ms (801 modules)
 GET /analysis 200 in 341ms
 ✓ Compiled /api/history in 181ms (803 modules)
 GET /api/history?page=1&per_page=10 200 in 262ms
 GET /api/history?page=1&per_page=10 200 in 17ms
